Flutter crash report.
Please report a bug at https://github.com/flutter/flutter/issues.

## command

flutter run --machine --start-paused -d chrome --devtools-server-address http://127.0.0.1:9100/ --target E:\New folder\quran_app\lib\main.dart

## exception

StateError: Bad state: No running isolate (inspector is not set).

```
#0      ChromeProxyService.inspector (package:dwds/src/services/chrome_proxy_service.dart:78:7)
#1      _waitForResumeEventToRunMain.<anonymous closure> (package:dwds/src/dwds_vm_client.dart:308:30)
#2      _rootRunUnary (dart:async/zone.dart:1415:13)
#3      _CustomZone.runUnary (dart:async/zone.dart:1308:19)
#4      _CustomZone.runUnaryGuarded (dart:async/zone.dart:1217:7)
#5      _BufferingStreamSubscription._sendData (dart:async/stream_impl.dart:365:11)
#6      _DelayedData.perform (dart:async/stream_impl.dart:541:14)
#7      _PendingEvents.handleNext (dart:async/stream_impl.dart:646:11)
#8      _PendingEvents.schedule.<anonymous closure> (dart:async/stream_impl.dart:617:7)
#9      StackZoneSpecification._run (package:stack_trace/src/stack_zone_specification.dart:207:15)
#10     StackZoneSpecification._registerCallback.<anonymous closure> (package:stack_trace/src/stack_zone_specification.dart:114:48)
#11     _rootRun (dart:async/zone.dart:1391:47)
#12     _CustomZone.run (dart:async/zone.dart:1301:19)
#13     _CustomZone.runGuarded (dart:async/zone.dart:1209:7)
#14     _CustomZone.bindCallbackGuarded.<anonymous closure> (dart:async/zone.dart:1249:23)
#15     StackZoneSpecification._run (package:stack_trace/src/stack_zone_specification.dart:207:15)
#16     StackZoneSpecification._registerCallback.<anonymous closure> (package:stack_trace/src/stack_zone_specification.dart:114:48)
#17     _rootRun (dart:async/zone.dart:1399:13)
#18     _CustomZone.run (dart:async/zone.dart:1301:19)
#19     _CustomZone.runGuarded (dart:async/zone.dart:1209:7)
#20     _CustomZone.bindCallbackGuarded.<anonymous closure> (dart:async/zone.dart:1249:23)
#21     _microtaskLoop (dart:async/schedule_microtask.dart:40:21)
#22     _startMicrotaskLoop (dart:async/schedule_microtask.dart:49:5)
#23     _runPendingImmediateCallback (dart:isolate-patch/isolate_patch.dart:118:13)
#24     _RawReceivePort._handleMessage (dart:isolate-patch/isolate_patch.dart:185:5)
```

## flutter doctor

```
[✓] Flutter (Channel stable, 3.24.5, on Microsoft Windows [Version 10.0.21996.1], locale en-US)
    • Flutter version 3.24.5 on channel stable at C:\tools\flutter
    • Upstream repository https://github.com/flutter/flutter.git
    • Framework revision dec2ee5c1f (6 days ago), 2024-11-13 11:13:06 -0800
    • Engine revision a18df97ca5
    • Dart version 3.5.4
    • DevTools version 2.37.3

[✓] Windows Version (Installed version of Windows is version 10 or higher)

[✓] Android toolchain - develop for Android devices (Android SDK version 34.0.0)
    • Android SDK at E:\Android\Sdk
    • Platform android-34, build-tools 34.0.0
    • ANDROID_SDK_ROOT = E:\Android\Sdk
    • Java binary at: C:\Program Files\Android\Android Studio\jbr\bin\java
    • Java version OpenJDK Runtime Environment (build 17.0.11+0--11852314)
    • All Android licenses accepted.

[✓] Chrome - develop for the web
    • Chrome at C:\Users\hero tech\AppData\Local\Google\Chrome\Application\chrome.exe

[!] Android Studio (version 2023.1)
    • Android Studio at D:\New folder
    • Flutter plugin can be installed from:
      🔨 https://plugins.jetbrains.com/plugin/9212-flutter
    • Dart plugin can be installed from:
      🔨 https://plugins.jetbrains.com/plugin/6351-dart
    ✗ Unable to find bundled Java version.
    • Try updating or re-installing Android Studio.

[✓] Android Studio (version 2023.2)
    • Android Studio at D:\New folder (2)\New folder (2)
    • Flutter plugin can be installed from:
      🔨 https://plugins.jetbrains.com/plugin/9212-flutter
    • Dart plugin can be installed from:
      🔨 https://plugins.jetbrains.com/plugin/6351-dart
    • Java version OpenJDK Runtime Environment (build 17.0.11+0--11852314)

[✓] Android Studio (version 2024.1)
    • Android Studio at C:\Program Files\Android\Android Studio
    • Flutter plugin can be installed from:
      🔨 https://plugins.jetbrains.com/plugin/9212-flutter
    • Dart plugin can be installed from:
      🔨 https://plugins.jetbrains.com/plugin/6351-dart
    • Java version OpenJDK Runtime Environment (build 17.0.11+0--11852314)

[✓] VS Code (version 1.95.3)
    • VS Code at C:\Users\hero tech\AppData\Local\Programs\Microsoft VS Code
    • Flutter extension version 3.100.0

[✓] Connected device (3 available)
    • sdk gphone x86 (mobile) • emulator-5554 • android-x86    • Android 11 (API 30) (emulator)
    • Chrome (web)            • chrome        • web-javascript • Google Chrome 131.0.6778.70
    • Edge (web)              • edge          • web-javascript • Microsoft Edge 130.0.2849.80

[✓] Network resources
    • All expected network resources are available.

! Doctor found issues in 1 category.
```
